::1 - - [13/Jan/2022:09:53:01 -0300] "GET /phpmyadmin/sql.php?db=db_cadastros&table=produto&pos=0&ajax_request=true&ajax_page_request=true&_nocache=1642078380996842728 HTTP/1.1" 200 6785
::1 - - [13/Jan/2022:09:53:03 -0300] "GET /phpmyadmin/index.php?ajax_request=1&recent_table=1&no_debug=true&_nocache=1642078383096537606 HTTP/1.1" 200 1457
::1 - - [13/Jan/2022:09:53:55 -0300] "GET /phpmyadmin/navigation.php?ajax_request=1&aPath=cm9vdA%3D%3D.ZGJfY2FkYXN0cm9z.dGFibGVz.ZnVuY2lvbmFyaW8%3D&vPath=cm9vdA%3D%3D.ZGI%3D.Y2FkYXN0cm9z.VGFiZWxhcw%3D%3D.ZnVuY2lvbmFyaW8%3D&pos=0&pos2_name=tables&pos2_value=0&searchClause=&searchClause2=&_nocache=1642078435981835520 HTTP/1.1" 200 1974
::1 - - [13/Jan/2022:09:53:58 -0300] "GET /phpmyadmin/navigation.php?ajax_request=1&aPath=cm9vdA%3D%3D.ZGJfY2FkYXN0cm9z.dGFibGVz.ZnVuY2lvbmFyaW8%3D.Y29sdW1ucw%3D%3D&vPath=cm9vdA%3D%3D.ZGI%3D.Y2FkYXN0cm9z.VGFiZWxhcw%3D%3D.ZnVuY2lvbmFyaW8%3D.Q29sdW1ucw%3D%3D&pos=0&pos2_name=tables&pos2_value=0&searchClause=&searchClause2=&_nocache=1642078438191766790 HTTP/1.1" 200 1854
::1 - - [13/Jan/2022:09:56:29 -0300] "GET /phpmyadmin/db_structure.php?server=1&db=db_cadastros&ajax_request=true&ajax_page_request=true&_nocache=1642078589745148281 HTTP/1.1" 200 5441
::1 - - [13/Jan/2022:09:56:31 -0300] "GET /phpmyadmin/js/get_scripts.js.php?scripts%5B%5D=db_structure.js&call_done=1&v=4.7.5&call_done=1&v=4.7.5 HTTP/1.1" 200 4241
::1 - - [13/Jan/2022:09:56:34 -0300] "GET /phpmyadmin/db_sql.php?db=db_cadastros&ajax_request=true&ajax_page_request=true&_nocache=1642078594967522487 HTTP/1.1" 200 4435
::1 - - [13/Jan/2022:09:56:38 -0300] "POST /phpmyadmin/db_sql_autocomplete.php HTTP/1.1" 200 1850
::1 - - [13/Jan/2022:09:56:39 -0300] "POST /phpmyadmin/lint.php HTTP/1.1" 200 28
::1 - - [13/Jan/2022:09:56:42 -0300] "POST /phpmyadmin/lint.php HTTP/1.1" 200 28
::1 - - [13/Jan/2022:09:56:47 -0300] "POST /phpmyadmin/lint.php HTTP/1.1" 200 28
::1 - - [13/Jan/2022:09:56:49 -0300] "POST /phpmyadmin/lint.php HTTP/1.1" 200 28
::1 - - [13/Jan/2022:09:56:52 -0300] "POST /phpmyadmin/lint.php HTTP/1.1" 200 28
::1 - - [13/Jan/2022:09:56:53 -0300] "POST /phpmyadmin/lint.php HTTP/1.1" 200 28
::1 - - [13/Jan/2022:09:56:54 -0300] "POST /phpmyadmin/import.php HTTP/1.1" 200 409
::1 - - [13/Jan/2022:09:57:02 -0300] "POST /phpmyadmin/lint.php HTTP/1.1" 200 28
::1 - - [13/Jan/2022:09:57:06 -0300] "GET /phpmyadmin/sql.php?server=1&db=db_cadastros&table=funcionario&pos=0&ajax_request=true&ajax_page_request=true&_nocache=164207862650664150 HTTP/1.1" 200 4891
::1 - - [13/Jan/2022:09:57:07 -0300] "GET /phpmyadmin/index.php?ajax_request=1&recent_table=1&no_debug=true&_nocache=1642078627217323115 HTTP/1.1" 200 1473
::1 - - [13/Jan/2022:09:57:09 -0300] "GET /phpmyadmin/tbl_sql.php?db=db_cadastros&table=funcionario&ajax_request=true&ajax_page_request=true&_nocache=1642078629605847357 HTTP/1.1" 200 4775
::1 - - [13/Jan/2022:09:57:09 -0300] "GET /phpmyadmin/index.php?ajax_request=1&recent_table=1&no_debug=true&_nocache=1642078629884157784 HTTP/1.1" 200 1473
::1 - - [13/Jan/2022:09:57:09 -0300] "POST /phpmyadmin/lint.php HTTP/1.1" 200 28
::1 - - [13/Jan/2022:09:57:12 -0300] "POST /phpmyadmin/import.php HTTP/1.1" 200 2426
::1 - - [13/Jan/2022:09:59:40 -0300] "GET /phpmyadmin/navigation.php?ajax_request=1&aPath=cm9vdA%3D%3D.ZGJfY2FkYXN0cm9z.dGFibGVz.dXN1YXJpbw%3D%3D&vPath=cm9vdA%3D%3D.ZGI%3D.Y2FkYXN0cm9z.VGFiZWxhcw%3D%3D.dXN1YXJpbw%3D%3D&pos=0&pos2_name=tables&pos2_value=0&searchClause=&searchClause2=&_nocache=1642078780667571650 HTTP/1.1" 200 1966
::1 - - [13/Jan/2022:09:59:44 -0300] "GET /phpmyadmin/navigation.php?ajax_request=1&aPath=cm9vdA%3D%3D.ZGJfY2FkYXN0cm9z.dGFibGVz.dXN1YXJpbw%3D%3D.Y29sdW1ucw%3D%3D&vPath=cm9vdA%3D%3D.ZGI%3D.Y2FkYXN0cm9z.VGFiZWxhcw%3D%3D.dXN1YXJpbw%3D%3D.Q29sdW1ucw%3D%3D&pos=0&pos2_name=tables&pos2_value=0&searchClause=&searchClause2=&_nocache=1642078784259500183 HTTP/1.1" 200 1748
::1 - - [13/Jan/2022:10:21:05 -0300] "POST /phpmyadmin/index.php HTTP/1.1" 200 1478
::1 - - [13/Jan/2022:10:26:15 -0300] "GET /phpmyadmin/navigation.php?ajax_request=1&aPath=cm9vdA%3D%3D.ZGJfY2FkYXN0cm9z.dGFibGVz.Zm9ybmVjZWRvcg%3D%3D&vPath=cm9vdA%3D%3D.ZGI%3D.Y2FkYXN0cm9z.VGFiZWxhcw%3D%3D.Zm9ybmVjZWRvcg%3D%3D&pos=0&pos2_name=tables&pos2_value=0&searchClause=&searchClause2=&_nocache=1642080375086119531 HTTP/1.1" 200 1969
::1 - - [13/Jan/2022:10:26:17 -0300] "GET /phpmyadmin/navigation.php?ajax_request=1&aPath=cm9vdA%3D%3D.ZGJfY2FkYXN0cm9z.dGFibGVz.Zm9ybmVjZWRvcg%3D%3D.Y29sdW1ucw%3D%3D&vPath=cm9vdA%3D%3D.ZGI%3D.Y2FkYXN0cm9z.VGFiZWxhcw%3D%3D.Zm9ybmVjZWRvcg%3D%3D.Q29sdW1ucw%3D%3D&pos=0&pos2_name=tables&pos2_value=0&searchClause=&searchClause2=&_nocache=1642080377104957748 HTTP/1.1" 200 1802
::1 - - [13/Jan/2022:10:28:40 -0300] "GET /phpmyadmin/sql.php?server=1&db=db_cadastros&table=fornecedor&pos=0&ajax_request=true&ajax_page_request=true&_nocache=1642080520961542000 HTTP/1.1" 200 4856
::1 - - [13/Jan/2022:10:28:42 -0300] "GET /phpmyadmin/index.php?ajax_request=1&recent_table=1&no_debug=true&_nocache=1642080522539667589 HTTP/1.1" 200 1486
::1 - - [13/Jan/2022:10:28:45 -0300] "GET /phpmyadmin/tbl_sql.php?db=db_cadastros&table=fornecedor&ajax_request=true&ajax_page_request=true&_nocache=1642080525012214251 HTTP/1.1" 200 4743
::1 - - [13/Jan/2022:10:28:45 -0300] "GET /phpmyadmin/index.php?ajax_request=1&recent_table=1&no_debug=true&_nocache=1642080525255465371 HTTP/1.1" 200 1486
::1 - - [13/Jan/2022:10:28:45 -0300] "POST /phpmyadmin/lint.php HTTP/1.1" 200 28
::1 - - [13/Jan/2022:10:28:49 -0300] "POST /phpmyadmin/db_sql_autocomplete.php HTTP/1.1" 200 1850
::1 - - [13/Jan/2022:10:28:52 -0300] "POST /phpmyadmin/lint.php HTTP/1.1" 200 28
::1 - - [13/Jan/2022:10:28:53 -0300] "POST /phpmyadmin/lint.php HTTP/1.1" 200 28
::1 - - [13/Jan/2022:10:28:56 -0300] "POST /phpmyadmin/lint.php HTTP/1.1" 200 28
::1 - - [13/Jan/2022:10:28:57 -0300] "POST /phpmyadmin/lint.php HTTP/1.1" 200 28
::1 - - [13/Jan/2022:10:28:58 -0300] "POST /phpmyadmin/lint.php HTTP/1.1" 200 28
::1 - - [13/Jan/2022:10:28:58 -0300] "POST /phpmyadmin/lint.php HTTP/1.1" 200 28
::1 - - [13/Jan/2022:10:28:59 -0300] "POST /phpmyadmin/lint.php HTTP/1.1" 200 28
::1 - - [13/Jan/2022:10:29:00 -0300] "POST /phpmyadmin/lint.php HTTP/1.1" 200 28
::1 - - [13/Jan/2022:10:29:03 -0300] "POST /phpmyadmin/lint.php HTTP/1.1" 200 28
::1 - - [13/Jan/2022:10:29:05 -0300] "POST /phpmyadmin/lint.php HTTP/1.1" 200 28
::1 - - [13/Jan/2022:10:29:07 -0300] "POST /phpmyadmin/lint.php HTTP/1.1" 200 28
::1 - - [13/Jan/2022:10:29:09 -0300] "POST /phpmyadmin/lint.php HTTP/1.1" 200 28
::1 - - [13/Jan/2022:10:29:10 -0300] "POST /phpmyadmin/lint.php HTTP/1.1" 200 28
::1 - - [13/Jan/2022:10:29:11 -0300] "POST /phpmyadmin/lint.php HTTP/1.1" 200 28
::1 - - [13/Jan/2022:10:29:13 -0300] "POST /phpmyadmin/lint.php HTTP/1.1" 200 28
::1 - - [13/Jan/2022:10:29:15 -0300] "POST /phpmyadmin/lint.php HTTP/1.1" 200 28
::1 - - [13/Jan/2022:10:29:16 -0300] "POST /phpmyadmin/lint.php HTTP/1.1" 200 28
::1 - - [13/Jan/2022:10:29:17 -0300] "POST /phpmyadmin/import.php HTTP/1.1" 200 1956
::1 - - [13/Jan/2022:10:29:18 -0300] "POST /phpmyadmin/navigation.php?ajax_request=1 HTTP/1.1" 200 3068
::1 - - [13/Jan/2022:10:29:25 -0300] "GET /phpmyadmin/sql.php?server=1&db=db_cadastros&table=fornecedor&pos=0&ajax_request=true&ajax_page_request=true&_nocache=1642080565536558083 HTTP/1.1" 200 4867
::1 - - [13/Jan/2022:10:29:26 -0300] "GET /phpmyadmin/index.php?ajax_request=1&recent_table=1&no_debug=true&_nocache=1642080566026541158 HTTP/1.1" 200 1486
::1 - - [13/Jan/2022:10:29:28 -0300] "GET /phpmyadmin/tbl_structure.php?db=db_cadastros&table=fornecedor&ajax_request=true&ajax_page_request=true&_nocache=1642080568155890491 HTTP/1.1" 200 7674
::1 - - [13/Jan/2022:10:29:28 -0300] "GET /phpmyadmin/index.php?ajax_request=1&recent_table=1&no_debug=true&_nocache=1642080568599608434 HTTP/1.1" 200 1486
