2022-01-11 09:41:47 16280 [Note] Plugin 'FEDERATED' is disabled.
2022-01-11 09:41:47 16280 [Note] InnoDB: Using atomics to ref count buffer pool pages
2022-01-11 09:41:47 16280 [Note] InnoDB: The InnoDB memory heap is disabled
2022-01-11 09:41:47 16280 [Note] InnoDB: Mutexes and rw_locks use Windows interlocked functions
2022-01-11 09:41:47 16280 [Note] InnoDB: Memory barrier is not used
2022-01-11 09:41:47 16280 [Note] InnoDB: Compressed tables use zlib 1.2.3
2022-01-11 09:41:47 16280 [Note] InnoDB: Not using CPU crc32 instructions
2022-01-11 09:41:47 16280 [Note] InnoDB: Initializing buffer pool, size = 128.0M
2022-01-11 09:41:47 16280 [Note] InnoDB: Completed initialization of buffer pool
2022-01-11 09:41:47 16280 [Note] InnoDB: Setting log file C:\Users\aluno\Desktop\SQL\usbwebserver\mysql\data\ib_logfile101 size to 5 MB
2022-01-11 09:41:47 16280 [Note] InnoDB: Setting log file C:\Users\aluno\Desktop\SQL\usbwebserver\mysql\data\ib_logfile1 size to 5 MB
2022-01-11 09:41:47 16280 [Note] InnoDB: Renaming log file C:\Users\aluno\Desktop\SQL\usbwebserver\mysql\data\ib_logfile101 to C:\Users\aluno\Desktop\SQL\usbwebserver\mysql\data\ib_logfile0
2022-01-11 09:41:47 16280 [Warning] InnoDB: New log files created, LSN=1626134
2022-01-11 09:41:47 16280 [Note] InnoDB: Highest supported file format is Barracuda.
2022-01-11 09:41:47 3c80 InnoDB: Error: page 5 log sequence number 1626646
InnoDB: is in the future! Current system log sequence number 1626636.
InnoDB: Your database may be corrupt or you may have copied the InnoDB
InnoDB: tablespace but not the InnoDB log files. See
InnoDB: http://dev.mysql.com/doc/refman/5.6/en/forcing-innodb-recovery.html
InnoDB: for more information.
2022-01-11 09:41:47 16280 [Note] InnoDB: 128 rollback segment(s) are active.
2022-01-11 09:41:47 16280 [Note] InnoDB: Waiting for purge to start
2022-01-11 09:41:47 16280 [Note] InnoDB: 5.6.34 started; log sequence number 1626636
2022-01-11 09:41:47 16280 [Warning] No existing UUID has been found, so we assume that this is the first time that this server has been started. Generating a new UUID: d75d9353-72db-11ec-9fd4-641c6798a631.
2022-01-11 09:41:47 16280 [Note] Server hostname (bind-address): '*'; port: 3306
2022-01-11 09:41:47 16280 [Note] IPv6 is available.
2022-01-11 09:41:47 16280 [Note]   - '::' resolves to '::';
2022-01-11 09:41:47 16280 [Note] Server socket created on IP: '::'.
