2022-01-13 09:22:54 5124 [Note] Plugin 'FEDERATED' is disabled.
2022-01-13 09:22:54 5124 [Note] InnoDB: Using atomics to ref count buffer pool pages
2022-01-13 09:22:54 5124 [Note] InnoDB: The InnoDB memory heap is disabled
2022-01-13 09:22:54 5124 [Note] InnoDB: Mutexes and rw_locks use Windows interlocked functions
2022-01-13 09:22:54 5124 [Note] InnoDB: Memory barrier is not used
2022-01-13 09:22:54 5124 [Note] InnoDB: Compressed tables use zlib 1.2.3
2022-01-13 09:22:54 5124 [Note] InnoDB: Not using CPU crc32 instructions
2022-01-13 09:22:54 5124 [Note] InnoDB: Initializing buffer pool, size = 128.0M
2022-01-13 09:22:54 5124 [Note] InnoDB: Completed initialization of buffer pool
2022-01-13 09:22:54 5124 [Note] InnoDB: Highest supported file format is Barracuda.
2022-01-13 09:22:54 5124 [Note] InnoDB: The log sequence numbers 1626134 and 1626134 in ibdata files do not match the log sequence number 1632432 in the ib_logfiles!
2022-01-13 09:22:54 5124 [Note] InnoDB: Database was not shutdown normally!
2022-01-13 09:22:54 5124 [Note] InnoDB: Starting crash recovery.
2022-01-13 09:22:54 5124 [Note] InnoDB: Reading tablespace information from the .ibd files...
2022-01-13 09:22:54 5124 [Note] InnoDB: Restoring possible half-written data pages 
2022-01-13 09:22:54 5124 [Note] InnoDB: from the doublewrite buffer...
2022-01-13 09:22:55 5124 [Note] InnoDB: 128 rollback segment(s) are active.
2022-01-13 09:22:55 5124 [Note] InnoDB: Waiting for purge to start
2022-01-13 09:22:55 5124 [Note] InnoDB: 5.6.34 started; log sequence number 1632432
2022-01-13 09:22:55 5124 [Note] Server hostname (bind-address): '*'; port: 3306
2022-01-13 09:22:55 5124 [Note] IPv6 is available.
2022-01-13 09:22:55 5124 [Note]   - '::' resolves to '::';
2022-01-13 09:22:55 5124 [Note] Server socket created on IP: '::'.
2022-01-13 09:22:56 5124 [Note] Event Scheduler: Loaded 0 events
2022-01-13 09:22:56 5124 [Note] \\Cch01labf001\sql\usbwebserver/mysql/bin/mysqld_usbwv8.exe: ready for connections.
Version: '5.6.34'  socket: ''  port: 3306  MySQL Community Server (GPL)
2022-01-13 09:50:30 12752 [Note] Plugin 'FEDERATED' is disabled.
2022-01-13 09:50:30 12752 [Note] InnoDB: Using atomics to ref count buffer pool pages
2022-01-13 09:50:30 12752 [Note] InnoDB: The InnoDB memory heap is disabled
2022-01-13 09:50:30 12752 [Note] InnoDB: Mutexes and rw_locks use Windows interlocked functions
2022-01-13 09:50:30 12752 [Note] InnoDB: Memory barrier is not used
2022-01-13 09:50:30 12752 [Note] InnoDB: Compressed tables use zlib 1.2.3
2022-01-13 09:50:30 12752 [Note] InnoDB: Not using CPU crc32 instructions
2022-01-13 09:50:30 12752 [Note] InnoDB: Initializing buffer pool, size = 128.0M
2022-01-13 09:50:30 12752 [Note] InnoDB: Completed initialization of buffer pool
2022-01-13 09:50:30 12752 [Note] InnoDB: Highest supported file format is Barracuda.
2022-01-13 09:50:30 12752 [Note] InnoDB: The log sequence numbers 1626134 and 1626134 in ibdata files do not match the log sequence number 1697643 in the ib_logfiles!
2022-01-13 09:50:30 12752 [Note] InnoDB: Database was not shutdown normally!
2022-01-13 09:50:30 12752 [Note] InnoDB: Starting crash recovery.
2022-01-13 09:50:30 12752 [Note] InnoDB: Reading tablespace information from the .ibd files...
2022-01-13 09:50:30 12752 [Note] InnoDB: Restoring possible half-written data pages 
2022-01-13 09:50:30 12752 [Note] InnoDB: from the doublewrite buffer...
2022-01-13 09:50:30 12752 [Note] InnoDB: 128 rollback segment(s) are active.
2022-01-13 09:50:30 12752 [Note] InnoDB: Waiting for purge to start
2022-01-13 09:50:30 12752 [Note] InnoDB: 5.6.34 started; log sequence number 1697643
2022-01-13 09:50:30 12752 [Note] Server hostname (bind-address): '*'; port: 3306
2022-01-13 09:50:30 12752 [Note] IPv6 is available.
2022-01-13 09:50:30 12752 [Note]   - '::' resolves to '::';
2022-01-13 09:50:30 12752 [Note] Server socket created on IP: '::'.
2022-01-13 09:50:31 12752 [Note] Event Scheduler: Loaded 0 events
2022-01-13 09:50:31 12752 [Note] \\Cch01labf001\sql\usbwebserver/mysql/bin/mysqld_usbwv8.exe: ready for connections.
Version: '5.6.34'  socket: ''  port: 3306  MySQL Community Server (GPL)
