2022-01-13 19:54:05 14244 [Note] Plugin 'FEDERATED' is disabled.
2022-01-13 19:54:05 14244 [Note] InnoDB: Using atomics to ref count buffer pool pages
2022-01-13 19:54:05 14244 [Note] InnoDB: The InnoDB memory heap is disabled
2022-01-13 19:54:05 14244 [Note] InnoDB: Mutexes and rw_locks use Windows interlocked functions
2022-01-13 19:54:05 14244 [Note] InnoDB: Memory barrier is not used
2022-01-13 19:54:05 14244 [Note] InnoDB: Compressed tables use zlib 1.2.3
2022-01-13 19:54:05 14244 [Note] InnoDB: Not using CPU crc32 instructions
2022-01-13 19:54:05 14244 [Note] InnoDB: Initializing buffer pool, size = 128.0M
2022-01-13 19:54:05 14244 [Note] InnoDB: Completed initialization of buffer pool
2022-01-13 19:54:05 14244 [Note] InnoDB: Highest supported file format is Barracuda.
2022-01-13 19:54:05 14244 [Note] InnoDB: Log scan progressed past the checkpoint lsn 1710173
2022-01-13 19:54:05 14244 [Note] InnoDB: Database was not shutdown normally!
2022-01-13 19:54:05 14244 [Note] InnoDB: Starting crash recovery.
2022-01-13 19:54:05 14244 [Note] InnoDB: Reading tablespace information from the .ibd files...
2022-01-13 19:54:05 14244 [Note] InnoDB: Restoring possible half-written data pages 
2022-01-13 19:54:05 14244 [Note] InnoDB: from the doublewrite buffer...
InnoDB: Doing recovery: scanned up to log sequence number 1721909
2022-01-13 19:54:05 14244 [Note] InnoDB: Starting an apply batch of log records to the database...
InnoDB: Progress in percent: 40 41 42 43 44 45 46 47 48 49 50 51 52 53 54 55 56 57 58 59 60 61 62 63 64 65 66 67 68 69 70 71 72 73 74 75 76 77 78 79 80 81 82 83 84 85 86 87 88 89 90 91 92 93 94 95 96 97 98 99 
InnoDB: Apply batch completed
2022-01-13 19:54:06 14244 [Note] InnoDB: 128 rollback segment(s) are active.
2022-01-13 19:54:06 14244 [Note] InnoDB: Waiting for purge to start
2022-01-13 19:54:06 14244 [Note] InnoDB: 5.6.34 started; log sequence number 1721909
2022-01-13 19:54:06 14244 [Note] Server hostname (bind-address): '*'; port: 3306
2022-01-13 19:54:06 14244 [Note] IPv6 is available.
2022-01-13 19:54:06 14244 [Note]   - '::' resolves to '::';
2022-01-13 19:54:06 14244 [Note] Server socket created on IP: '::'.
2022-01-13 19:55:26 11556 [Note] Plugin 'FEDERATED' is disabled.
2022-01-13 19:55:26 11556 [Note] InnoDB: Using atomics to ref count buffer pool pages
2022-01-13 19:55:26 11556 [Note] InnoDB: The InnoDB memory heap is disabled
2022-01-13 19:55:26 11556 [Note] InnoDB: Mutexes and rw_locks use Windows interlocked functions
2022-01-13 19:55:26 11556 [Note] InnoDB: Memory barrier is not used
2022-01-13 19:55:26 11556 [Note] InnoDB: Compressed tables use zlib 1.2.3
2022-01-13 19:55:26 11556 [Note] InnoDB: Not using CPU crc32 instructions
2022-01-13 19:55:26 11556 [Note] InnoDB: Initializing buffer pool, size = 128.0M
2022-01-13 19:55:26 11556 [Note] InnoDB: Completed initialization of buffer pool
2022-01-13 19:55:26 11556 [ERROR] InnoDB: C:\Users\alexa\Desktop\Repositório\SENAI\usbwebserver\mysql\data\ibdata1 can't be opened in read-write mode
2022-01-13 19:55:26 11556 [ERROR] InnoDB: The system tablespace must be writable!
2022-01-13 19:55:26 11556 [ERROR] Plugin 'InnoDB' init function returned error.
2022-01-13 19:55:26 11556 [ERROR] Plugin 'InnoDB' registration as a STORAGE ENGINE failed.
2022-01-13 19:55:26 11556 [ERROR] Unknown/unsupported storage engine: InnoDB
2022-01-13 19:55:26 11556 [ERROR] Aborting

2022-01-13 19:55:26 11556 [Note] Binlog end
2022-01-13 19:55:26 11556 [Note] Shutting down plugin 'partition'
2022-01-13 19:55:26 11556 [Note] Shutting down plugin 'PERFORMANCE_SCHEMA'
2022-01-13 19:55:26 11556 [Note] Shutting down plugin 'INNODB_SYS_DATAFILES'
2022-01-13 19:55:26 11556 [Note] Shutting down plugin 'INNODB_SYS_TABLESPACES'
2022-01-13 19:55:26 11556 [Note] Shutting down plugin 'INNODB_SYS_FOREIGN_COLS'
2022-01-13 19:55:26 11556 [Note] Shutting down plugin 'INNODB_SYS_FOREIGN'
2022-01-13 19:55:26 11556 [Note] Shutting down plugin 'INNODB_SYS_FIELDS'
2022-01-13 19:55:26 11556 [Note] Shutting down plugin 'INNODB_SYS_COLUMNS'
2022-01-13 19:55:26 11556 [Note] Shutting down plugin 'INNODB_SYS_INDEXES'
2022-01-13 19:55:26 11556 [Note] Shutting down plugin 'INNODB_SYS_TABLESTATS'
2022-01-13 19:55:26 11556 [Note] Shutting down plugin 'INNODB_SYS_TABLES'
2022-01-13 19:55:26 11556 [Note] Shutting down plugin 'INNODB_FT_INDEX_TABLE'
2022-01-13 19:55:26 11556 [Note] Shutting down plugin 'INNODB_FT_INDEX_CACHE'
2022-01-13 19:55:26 11556 [Note] Shutting down plugin 'INNODB_FT_CONFIG'
2022-01-13 19:55:26 11556 [Note] Shutting down plugin 'INNODB_FT_BEING_DELETED'
2022-01-13 19:55:26 11556 [Note] Shutting down plugin 'INNODB_FT_DELETED'
2022-01-13 19:55:26 11556 [Note] Shutting down plugin 'INNODB_FT_DEFAULT_STOPWORD'
2022-01-13 19:55:26 11556 [Note] Shutting down plugin 'INNODB_METRICS'
2022-01-13 19:55:26 11556 [Note] Shutting down plugin 'INNODB_BUFFER_POOL_STATS'
2022-01-13 19:55:26 11556 [Note] Shutting down plugin 'INNODB_BUFFER_PAGE_LRU'
2022-01-13 19:55:26 11556 [Note] Shutting down plugin 'INNODB_BUFFER_PAGE'
2022-01-13 19:55:26 11556 [Note] Shutting down plugin 'INNODB_CMP_PER_INDEX_RESET'
2022-01-13 19:55:26 11556 [Note] Shutting down plugin 'INNODB_CMP_PER_INDEX'
2022-01-13 19:55:26 11556 [Note] Shutting down plugin 'INNODB_CMPMEM_RESET'
2022-01-13 19:55:26 11556 [Note] Shutting down plugin 'INNODB_CMPMEM'
2022-01-13 19:55:26 11556 [Note] Shutting down plugin 'INNODB_CMP_RESET'
2022-01-13 19:55:26 11556 [Note] Shutting down plugin 'INNODB_CMP'
2022-01-13 19:55:26 11556 [Note] Shutting down plugin 'INNODB_LOCK_WAITS'
2022-01-13 19:55:26 11556 [Note] Shutting down plugin 'INNODB_LOCKS'
2022-01-13 19:55:26 11556 [Note] Shutting down plugin 'INNODB_TRX'
2022-01-13 19:55:26 11556 [Note] Shutting down plugin 'BLACKHOLE'
2022-01-13 19:55:26 11556 [Note] Shutting down plugin 'ARCHIVE'
2022-01-13 19:55:26 11556 [Note] Shutting down plugin 'MRG_MYISAM'
2022-01-13 19:55:26 11556 [Note] Shutting down plugin 'MyISAM'
2022-01-13 19:55:26 11556 [Note] Shutting down plugin 'MEMORY'
2022-01-13 19:55:26 11556 [Note] Shutting down plugin 'CSV'
2022-01-13 19:55:26 11556 [Note] Shutting down plugin 'sha256_password'
2022-01-13 19:55:26 11556 [Note] Shutting down plugin 'mysql_old_password'
2022-01-13 19:55:26 11556 [Note] Shutting down plugin 'mysql_native_password'
2022-01-13 19:55:26 11556 [Note] Shutting down plugin 'binlog'
2022-01-13 19:55:26 11556 [Note] C:\Users\alexa\Desktop\Repositório\SENAI\usbwebserver/mysql/bin/mysqld_usbwv8.exe: Shutdown complete

2022-01-13 19:55:49 6520 [Note] Plugin 'FEDERATED' is disabled.
2022-01-13 19:55:49 6520 [Note] InnoDB: Using atomics to ref count buffer pool pages
2022-01-13 19:55:49 6520 [Note] InnoDB: The InnoDB memory heap is disabled
2022-01-13 19:55:49 6520 [Note] InnoDB: Mutexes and rw_locks use Windows interlocked functions
2022-01-13 19:55:49 6520 [Note] InnoDB: Memory barrier is not used
2022-01-13 19:55:49 6520 [Note] InnoDB: Compressed tables use zlib 1.2.3
2022-01-13 19:55:49 6520 [Note] InnoDB: Not using CPU crc32 instructions
2022-01-13 19:55:49 6520 [Note] InnoDB: Initializing buffer pool, size = 128.0M
2022-01-13 19:55:49 6520 [Note] InnoDB: Completed initialization of buffer pool
2022-01-13 19:55:49 6520 [Note] InnoDB: Highest supported file format is Barracuda.
2022-01-13 19:55:49 6520 [Note] InnoDB: The log sequence numbers 1626134 and 1626134 in ibdata files do not match the log sequence number 1721919 in the ib_logfiles!
2022-01-13 19:55:49 6520 [Note] InnoDB: Database was not shutdown normally!
2022-01-13 19:55:49 6520 [Note] InnoDB: Starting crash recovery.
2022-01-13 19:55:49 6520 [Note] InnoDB: Reading tablespace information from the .ibd files...
2022-01-13 19:55:49 6520 [Note] InnoDB: Restoring possible half-written data pages 
2022-01-13 19:55:49 6520 [Note] InnoDB: from the doublewrite buffer...
2022-01-13 19:55:49 6520 [Note] InnoDB: 128 rollback segment(s) are active.
2022-01-13 19:55:49 6520 [Note] InnoDB: Waiting for purge to start
2022-01-13 19:55:50 6520 [Note] InnoDB: 5.6.34 started; log sequence number 1721919
2022-01-13 19:55:50 6520 [Note] Server hostname (bind-address): '*'; port: 3306
2022-01-13 19:55:50 6520 [Note] IPv6 is available.
2022-01-13 19:55:50 6520 [Note]   - '::' resolves to '::';
2022-01-13 19:55:50 6520 [Note] Server socket created on IP: '::'.
